<?xml version="1.0" encoding="UTF-8"?>
<coverage generated="1632268913629" clover="3.2.0">
  <project timestamp="1632268913629" name="All files">
    <metrics statements="52" coveredstatements="51" conditionals="12" coveredconditionals="10" methods="39" coveredmethods="38" elements="103" coveredelements="99" complexity="0" loc="52" ncloc="52" packages="1" files="2" classes="2"/>
    <file name="todo.js" path="/home/lemonaj58/launchSchool/JS129/jest_testing/todo.js">
      <metrics statements="11" coveredstatements="10" conditionals="2" coveredconditionals="2" methods="8" coveredmethods="7"/>
      <line num="4" count="63" type="stmt"/>
      <line num="5" count="63" type="stmt"/>
      <line num="7" count="6" type="stmt"/>
      <line num="8" count="5" type="stmt"/>
      <line num="11" count="11" type="cond" truecount="2" falsecount="0"/>
      <line num="12" count="11" type="stmt"/>
      <line num="16" count="22" type="stmt"/>
      <line num="20" count="4" type="stmt"/>
      <line num="24" count="41" type="stmt"/>
      <line num="28" count="0" type="stmt"/>
      <line num="33" count="1" type="stmt"/>
    </file>
    <file name="todolist.js" path="/home/lemonaj58/launchSchool/JS129/jest_testing/todolist.js">
      <metrics statements="41" coveredstatements="41" conditionals="10" coveredconditionals="8" methods="31" coveredmethods="31"/>
      <line num="1" count="1" type="stmt"/>
      <line num="5" count="31" type="stmt"/>
      <line num="6" count="31" type="stmt"/>
      <line num="10" count="5" type="stmt"/>
      <line num="11" count="11" type="stmt"/>
      <line num="12" count="5" type="stmt"/>
      <line num="16" count="79" type="cond" truecount="2" falsecount="0"/>
      <line num="17" count="2" type="stmt"/>
      <line num="20" count="77" type="stmt"/>
      <line num="24" count="2" type="stmt"/>
      <line num="28" count="1" type="stmt"/>
      <line num="32" count="1" type="stmt"/>
      <line num="36" count="8" type="stmt"/>
      <line num="37" count="5" type="stmt"/>
      <line num="41" count="10" type="cond" truecount="2" falsecount="0"/>
      <line num="42" count="4" type="stmt"/>
      <line num="47" count="3" type="stmt"/>
      <line num="51" count="2" type="stmt"/>
      <line num="55" count="7" type="stmt"/>
      <line num="59" count="1" type="stmt"/>
      <line num="64" count="1" type="stmt"/>
      <line num="69" count="2" type="stmt"/>
      <line num="70" count="1" type="stmt"/>
      <line num="74" count="17" type="stmt"/>
      <line num="78" count="9" type="stmt"/>
      <line num="79" count="9" type="stmt"/>
      <line num="80" count="27" type="cond" truecount="2" falsecount="0"/>
      <line num="83" count="9" type="stmt"/>
      <line num="87" count="12" type="stmt"/>
      <line num="88" count="4" type="cond" truecount="1" falsecount="1"/>
      <line num="92" count="3" type="stmt"/>
      <line num="93" count="1" type="stmt"/>
      <line num="97" count="9" type="stmt"/>
      <line num="98" count="3" type="stmt"/>
      <line num="102" count="1" type="stmt"/>
      <line num="103" count="1" type="cond" truecount="1" falsecount="1"/>
      <line num="104" count="1" type="stmt"/>
      <line num="109" count="18" type="stmt"/>
      <line num="113" count="3" type="stmt"/>
      <line num="116" count="4" type="stmt"/>
      <line num="121" count="1" type="stmt"/>
    </file>
  </project>
</coverage>
