{"/home/lemonaj58/launchSchool/JS129/jest_testing/todo.js": {"path":"/home/lemonaj58/launchSchool/JS129/jest_testing/todo.js","statementMap":{"0":{"start":{"line":4,"column":4},"end":{"line":4,"column":23}},"1":{"start":{"line":5,"column":4},"end":{"line":5,"column":22}},"2":{"start":{"line":7,"column":24},"end":{"line":7,"column":34}},"3":{"start":{"line":8,"column":26},"end":{"line":8,"column":36}},"4":{"start":{"line":11,"column":17},"end":{"line":11,"column":74}},"5":{"start":{"line":12,"column":4},"end":{"line":12,"column":39}},"6":{"start":{"line":16,"column":4},"end":{"line":16,"column":21}},"7":{"start":{"line":20,"column":4},"end":{"line":20,"column":22}},"8":{"start":{"line":24,"column":4},"end":{"line":24,"column":21}},"9":{"start":{"line":28,"column":4},"end":{"line":28,"column":22}},"10":{"start":{"line":33,"column":0},"end":{"line":33,"column":22}}},"fnMap":{"0":{"name":"(anonymous_0)","decl":{"start":{"line":3,"column":2},"end":{"line":3,"column":3}},"loc":{"start":{"line":3,"column":22},"end":{"line":6,"column":3}},"line":3},"1":{"name":"(anonymous_1)","decl":{"start":{"line":7,"column":2},"end":{"line":7,"column":3}},"loc":{"start":{"line":7,"column":23},"end":{"line":7,"column":35}},"line":7},"2":{"name":"(anonymous_2)","decl":{"start":{"line":8,"column":2},"end":{"line":8,"column":3}},"loc":{"start":{"line":8,"column":25},"end":{"line":8,"column":37}},"line":8},"3":{"name":"(anonymous_3)","decl":{"start":{"line":10,"column":2},"end":{"line":10,"column":3}},"loc":{"start":{"line":10,"column":13},"end":{"line":13,"column":3}},"line":10},"4":{"name":"(anonymous_4)","decl":{"start":{"line":15,"column":2},"end":{"line":15,"column":3}},"loc":{"start":{"line":15,"column":13},"end":{"line":17,"column":3}},"line":15},"5":{"name":"(anonymous_5)","decl":{"start":{"line":19,"column":2},"end":{"line":19,"column":3}},"loc":{"start":{"line":19,"column":15},"end":{"line":21,"column":3}},"line":19},"6":{"name":"(anonymous_6)","decl":{"start":{"line":23,"column":2},"end":{"line":23,"column":3}},"loc":{"start":{"line":23,"column":11},"end":{"line":25,"column":3}},"line":23},"7":{"name":"(anonymous_7)","decl":{"start":{"line":27,"column":2},"end":{"line":27,"column":3}},"loc":{"start":{"line":27,"column":13},"end":{"line":29,"column":3}},"line":27}},"branchMap":{"0":{"loc":{"start":{"line":11,"column":17},"end":{"line":11,"column":74}},"type":"cond-expr","locations":[{"start":{"line":11,"column":33},"end":{"line":11,"column":51}},{"start":{"line":11,"column":54},"end":{"line":11,"column":74}}],"line":11}},"s":{"0":63,"1":63,"2":6,"3":5,"4":11,"5":11,"6":22,"7":4,"8":41,"9":0,"10":1},"f":{"0":63,"1":6,"2":5,"3":11,"4":22,"5":4,"6":41,"7":0},"b":{"0":[6,5]},"_coverageSchema":"1a1c01bbd47fc00a2c39e90264f33305004495a9","hash":"2715aa4a77ab5c60e3a5398112a3830c717ae59c"}
,"/home/lemonaj58/launchSchool/JS129/jest_testing/todolist.js": {"path":"/home/lemonaj58/launchSchool/JS129/jest_testing/todolist.js","statementMap":{"0":{"start":{"line":1,"column":13},"end":{"line":1,"column":33}},"1":{"start":{"line":5,"column":4},"end":{"line":5,"column":23}},"2":{"start":{"line":6,"column":4},"end":{"line":6,"column":20}},"3":{"start":{"line":10,"column":16},"end":{"line":10,"column":41}},"4":{"start":{"line":11,"column":15},"end":{"line":11,"column":65}},"5":{"start":{"line":11,"column":38},"end":{"line":11,"column":53}},"6":{"start":{"line":12,"column":4},"end":{"line":12,"column":31}},"7":{"start":{"line":16,"column":4},"end":{"line":18,"column":5}},"8":{"start":{"line":17,"column":6},"end":{"line":17,"column":55}},"9":{"start":{"line":20,"column":4},"end":{"line":20,"column":26}},"10":{"start":{"line":24,"column":4},"end":{"line":24,"column":29}},"11":{"start":{"line":28,"column":4},"end":{"line":28,"column":25}},"12":{"start":{"line":32,"column":4},"end":{"line":32,"column":39}},"13":{"start":{"line":36,"column":4},"end":{"line":36,"column":31}},"14":{"start":{"line":37,"column":4},"end":{"line":37,"column":29}},"15":{"start":{"line":41,"column":4},"end":{"line":43,"column":5}},"16":{"start":{"line":42,"column":6},"end":{"line":42,"column":58}},"17":{"start":{"line":47,"column":4},"end":{"line":47,"column":34}},"18":{"start":{"line":51,"column":4},"end":{"line":51,"column":36}},"19":{"start":{"line":55,"column":4},"end":{"line":55,"column":51}},"20":{"start":{"line":55,"column":36},"end":{"line":55,"column":49}},"21":{"start":{"line":59,"column":4},"end":{"line":59,"column":28}},"22":{"start":{"line":64,"column":4},"end":{"line":64,"column":30}},"23":{"start":{"line":69,"column":4},"end":{"line":69,"column":31}},"24":{"start":{"line":70,"column":4},"end":{"line":70,"column":39}},"25":{"start":{"line":74,"column":4},"end":{"line":74,"column":33}},"26":{"start":{"line":78,"column":24},"end":{"line":78,"column":48}},"27":{"start":{"line":79,"column":4},"end":{"line":81,"column":7}},"28":{"start":{"line":80,"column":6},"end":{"line":80,"column":50}},"29":{"start":{"line":80,"column":26},"end":{"line":80,"column":50}},"30":{"start":{"line":83,"column":4},"end":{"line":83,"column":25}},"31":{"start":{"line":87,"column":24},"end":{"line":87,"column":65}},"32":{"start":{"line":87,"column":44},"end":{"line":87,"column":64}},"33":{"start":{"line":88,"column":4},"end":{"line":88,"column":78}},"34":{"start":{"line":92,"column":20},"end":{"line":92,"column":54}},"35":{"start":{"line":92,"column":40},"end":{"line":92,"column":53}},"36":{"start":{"line":93,"column":4},"end":{"line":93,"column":27}},"37":{"start":{"line":97,"column":23},"end":{"line":97,"column":58}},"38":{"start":{"line":97,"column":43},"end":{"line":97,"column":57}},"39":{"start":{"line":98,"column":4},"end":{"line":98,"column":30}},"40":{"start":{"line":102,"column":15},"end":{"line":102,"column":38}},"41":{"start":{"line":103,"column":4},"end":{"line":105,"column":5}},"42":{"start":{"line":104,"column":6},"end":{"line":104,"column":22}},"43":{"start":{"line":109,"column":4},"end":{"line":109,"column":42}},"44":{"start":{"line":109,"column":25},"end":{"line":109,"column":40}},"45":{"start":{"line":113,"column":4},"end":{"line":113,"column":44}},"46":{"start":{"line":113,"column":25},"end":{"line":113,"column":42}},"47":{"start":{"line":116,"column":4},"end":{"line":116,"column":30}},"48":{"start":{"line":121,"column":0},"end":{"line":121,"column":26}}},"fnMap":{"0":{"name":"(anonymous_0)","decl":{"start":{"line":4,"column":2},"end":{"line":4,"column":3}},"loc":{"start":{"line":4,"column":21},"end":{"line":7,"column":3}},"line":4},"1":{"name":"(anonymous_1)","decl":{"start":{"line":9,"column":2},"end":{"line":9,"column":3}},"loc":{"start":{"line":9,"column":13},"end":{"line":13,"column":3}},"line":9},"2":{"name":"(anonymous_2)","decl":{"start":{"line":11,"column":30},"end":{"line":11,"column":31}},"loc":{"start":{"line":11,"column":38},"end":{"line":11,"column":53}},"line":11},"3":{"name":"(anonymous_3)","decl":{"start":{"line":15,"column":2},"end":{"line":15,"column":3}},"loc":{"start":{"line":15,"column":12},"end":{"line":21,"column":3}},"line":15},"4":{"name":"(anonymous_4)","decl":{"start":{"line":23,"column":2},"end":{"line":23,"column":3}},"loc":{"start":{"line":23,"column":9},"end":{"line":25,"column":3}},"line":23},"5":{"name":"(anonymous_5)","decl":{"start":{"line":27,"column":2},"end":{"line":27,"column":3}},"loc":{"start":{"line":27,"column":10},"end":{"line":29,"column":3}},"line":27},"6":{"name":"(anonymous_6)","decl":{"start":{"line":31,"column":2},"end":{"line":31,"column":3}},"loc":{"start":{"line":31,"column":9},"end":{"line":33,"column":3}},"line":31},"7":{"name":"(anonymous_7)","decl":{"start":{"line":35,"column":2},"end":{"line":35,"column":3}},"loc":{"start":{"line":35,"column":16},"end":{"line":38,"column":3}},"line":35},"8":{"name":"(anonymous_8)","decl":{"start":{"line":40,"column":2},"end":{"line":40,"column":3}},"loc":{"start":{"line":40,"column":24},"end":{"line":44,"column":3}},"line":40},"9":{"name":"(anonymous_9)","decl":{"start":{"line":46,"column":2},"end":{"line":46,"column":3}},"loc":{"start":{"line":46,"column":20},"end":{"line":48,"column":3}},"line":46},"10":{"name":"(anonymous_10)","decl":{"start":{"line":50,"column":2},"end":{"line":50,"column":3}},"loc":{"start":{"line":50,"column":22},"end":{"line":52,"column":3}},"line":50},"11":{"name":"(anonymous_11)","decl":{"start":{"line":54,"column":2},"end":{"line":54,"column":3}},"loc":{"start":{"line":54,"column":11},"end":{"line":56,"column":3}},"line":54},"12":{"name":"(anonymous_12)","decl":{"start":{"line":55,"column":28},"end":{"line":55,"column":29}},"loc":{"start":{"line":55,"column":36},"end":{"line":55,"column":49}},"line":55},"13":{"name":"(anonymous_13)","decl":{"start":{"line":58,"column":2},"end":{"line":58,"column":3}},"loc":{"start":{"line":58,"column":8},"end":{"line":61,"column":3}},"line":58},"14":{"name":"(anonymous_14)","decl":{"start":{"line":63,"column":2},"end":{"line":63,"column":3}},"loc":{"start":{"line":63,"column":10},"end":{"line":66,"column":3}},"line":63},"15":{"name":"(anonymous_15)","decl":{"start":{"line":68,"column":2},"end":{"line":68,"column":3}},"loc":{"start":{"line":68,"column":18},"end":{"line":71,"column":3}},"line":68},"16":{"name":"(anonymous_16)","decl":{"start":{"line":73,"column":2},"end":{"line":73,"column":3}},"loc":{"start":{"line":73,"column":20},"end":{"line":75,"column":3}},"line":73},"17":{"name":"(anonymous_17)","decl":{"start":{"line":77,"column":2},"end":{"line":77,"column":3}},"loc":{"start":{"line":77,"column":19},"end":{"line":84,"column":3}},"line":77},"18":{"name":"(anonymous_18)","decl":{"start":{"line":79,"column":17},"end":{"line":79,"column":18}},"loc":{"start":{"line":79,"column":25},"end":{"line":81,"column":5}},"line":79},"19":{"name":"(anonymous_19)","decl":{"start":{"line":86,"column":2},"end":{"line":86,"column":3}},"loc":{"start":{"line":86,"column":21},"end":{"line":89,"column":3}},"line":86},"20":{"name":"(anonymous_20)","decl":{"start":{"line":87,"column":36},"end":{"line":87,"column":37}},"loc":{"start":{"line":87,"column":44},"end":{"line":87,"column":64}},"line":87},"21":{"name":"(anonymous_21)","decl":{"start":{"line":91,"column":2},"end":{"line":91,"column":3}},"loc":{"start":{"line":91,"column":12},"end":{"line":94,"column":3}},"line":91},"22":{"name":"(anonymous_22)","decl":{"start":{"line":92,"column":32},"end":{"line":92,"column":33}},"loc":{"start":{"line":92,"column":40},"end":{"line":92,"column":53}},"line":92},"23":{"name":"(anonymous_23)","decl":{"start":{"line":96,"column":2},"end":{"line":96,"column":3}},"loc":{"start":{"line":96,"column":15},"end":{"line":99,"column":3}},"line":96},"24":{"name":"(anonymous_24)","decl":{"start":{"line":97,"column":35},"end":{"line":97,"column":36}},"loc":{"start":{"line":97,"column":43},"end":{"line":97,"column":57}},"line":97},"25":{"name":"(anonymous_25)","decl":{"start":{"line":101,"column":2},"end":{"line":101,"column":3}},"loc":{"start":{"line":101,"column":18},"end":{"line":106,"column":3}},"line":101},"26":{"name":"(anonymous_26)","decl":{"start":{"line":108,"column":2},"end":{"line":108,"column":3}},"loc":{"start":{"line":108,"column":16},"end":{"line":110,"column":3}},"line":108},"27":{"name":"(anonymous_27)","decl":{"start":{"line":109,"column":17},"end":{"line":109,"column":18}},"loc":{"start":{"line":109,"column":25},"end":{"line":109,"column":40}},"line":109},"28":{"name":"(anonymous_28)","decl":{"start":{"line":112,"column":2},"end":{"line":112,"column":3}},"loc":{"start":{"line":112,"column":18},"end":{"line":114,"column":3}},"line":112},"29":{"name":"(anonymous_29)","decl":{"start":{"line":113,"column":17},"end":{"line":113,"column":18}},"loc":{"start":{"line":113,"column":25},"end":{"line":113,"column":42}},"line":113},"30":{"name":"(anonymous_30)","decl":{"start":{"line":115,"column":2},"end":{"line":115,"column":3}},"loc":{"start":{"line":115,"column":12},"end":{"line":117,"column":3}},"line":115}},"branchMap":{"0":{"loc":{"start":{"line":16,"column":4},"end":{"line":18,"column":5}},"type":"if","locations":[{"start":{"line":16,"column":4},"end":{"line":18,"column":5}},{"start":{"line":16,"column":4},"end":{"line":18,"column":5}}],"line":16},"1":{"loc":{"start":{"line":41,"column":4},"end":{"line":43,"column":5}},"type":"if","locations":[{"start":{"line":41,"column":4},"end":{"line":43,"column":5}},{"start":{"line":41,"column":4},"end":{"line":43,"column":5}}],"line":41},"2":{"loc":{"start":{"line":80,"column":6},"end":{"line":80,"column":50}},"type":"if","locations":[{"start":{"line":80,"column":6},"end":{"line":80,"column":50}},{"start":{"line":80,"column":6},"end":{"line":80,"column":50}}],"line":80},"3":{"loc":{"start":{"line":88,"column":12},"end":{"line":88,"column":76}},"type":"cond-expr","locations":[{"start":{"line":88,"column":42},"end":{"line":88,"column":51}},{"start":{"line":88,"column":54},"end":{"line":88,"column":76}}],"line":88},"4":{"loc":{"start":{"line":103,"column":4},"end":{"line":105,"column":5}},"type":"if","locations":[{"start":{"line":103,"column":4},"end":{"line":105,"column":5}},{"start":{"line":103,"column":4},"end":{"line":105,"column":5}}],"line":103}},"s":{"0":1,"1":31,"2":31,"3":5,"4":5,"5":11,"6":5,"7":79,"8":2,"9":77,"10":2,"11":1,"12":1,"13":8,"14":5,"15":10,"16":4,"17":3,"18":2,"19":3,"20":7,"21":1,"22":1,"23":2,"24":1,"25":17,"26":9,"27":9,"28":27,"29":13,"30":9,"31":4,"32":12,"33":4,"34":1,"35":3,"36":1,"37":3,"38":9,"39":3,"40":1,"41":1,"42":1,"43":6,"44":18,"45":1,"46":3,"47":4,"48":1},"f":{"0":31,"1":5,"2":11,"3":79,"4":2,"5":1,"6":1,"7":8,"8":10,"9":3,"10":2,"11":3,"12":7,"13":1,"14":1,"15":2,"16":17,"17":9,"18":27,"19":4,"20":12,"21":1,"22":3,"23":3,"24":9,"25":1,"26":6,"27":18,"28":1,"29":3,"30":4},"b":{"0":[2,77],"1":[4,6],"2":[13,14],"3":[0,4],"4":[1,0]},"_coverageSchema":"1a1c01bbd47fc00a2c39e90264f33305004495a9","hash":"b75bc4afc105b4647fd7366ca5be0203760f67ec"}
}
