TN:
SF:JS129/jest_testing/todo.js
FN:3,(anonymous_0)
FN:7,(anonymous_1)
FN:8,(anonymous_2)
FN:10,(anonymous_3)
FN:15,(anonymous_4)
FN:19,(anonymous_5)
FN:23,(anonymous_6)
FN:27,(anonymous_7)
FNF:8
FNH:7
FNDA:63,(anonymous_0)
FNDA:6,(anonymous_1)
FNDA:5,(anonymous_2)
FNDA:11,(anonymous_3)
FNDA:22,(anonymous_4)
FNDA:4,(anonymous_5)
FNDA:41,(anonymous_6)
FNDA:0,(anonymous_7)
DA:4,63
DA:5,63
DA:7,6
DA:8,5
DA:11,11
DA:12,11
DA:16,22
DA:20,4
DA:24,41
DA:28,0
DA:33,1
LF:11
LH:10
BRDA:11,0,0,6
BRDA:11,0,1,5
BRF:2
BRH:2
end_of_record
TN:
SF:JS129/jest_testing/todolist.js
FN:4,(anonymous_0)
FN:9,(anonymous_1)
FN:11,(anonymous_2)
FN:15,(anonymous_3)
FN:23,(anonymous_4)
FN:27,(anonymous_5)
FN:31,(anonymous_6)
FN:35,(anonymous_7)
FN:40,(anonymous_8)
FN:46,(anonymous_9)
FN:50,(anonymous_10)
FN:54,(anonymous_11)
FN:55,(anonymous_12)
FN:58,(anonymous_13)
FN:63,(anonymous_14)
FN:68,(anonymous_15)
FN:73,(anonymous_16)
FN:77,(anonymous_17)
FN:79,(anonymous_18)
FN:86,(anonymous_19)
FN:87,(anonymous_20)
FN:91,(anonymous_21)
FN:92,(anonymous_22)
FN:96,(anonymous_23)
FN:97,(anonymous_24)
FN:101,(anonymous_25)
FN:108,(anonymous_26)
FN:109,(anonymous_27)
FN:112,(anonymous_28)
FN:113,(anonymous_29)
FN:115,(anonymous_30)
FNF:31
FNH:31
FNDA:31,(anonymous_0)
FNDA:5,(anonymous_1)
FNDA:11,(anonymous_2)
FNDA:79,(anonymous_3)
FNDA:2,(anonymous_4)
FNDA:1,(anonymous_5)
FNDA:1,(anonymous_6)
FNDA:8,(anonymous_7)
FNDA:10,(anonymous_8)
FNDA:3,(anonymous_9)
FNDA:2,(anonymous_10)
FNDA:3,(anonymous_11)
FNDA:7,(anonymous_12)
FNDA:1,(anonymous_13)
FNDA:1,(anonymous_14)
FNDA:2,(anonymous_15)
FNDA:17,(anonymous_16)
FNDA:9,(anonymous_17)
FNDA:27,(anonymous_18)
FNDA:4,(anonymous_19)
FNDA:12,(anonymous_20)
FNDA:1,(anonymous_21)
FNDA:3,(anonymous_22)
FNDA:3,(anonymous_23)
FNDA:9,(anonymous_24)
FNDA:1,(anonymous_25)
FNDA:6,(anonymous_26)
FNDA:18,(anonymous_27)
FNDA:1,(anonymous_28)
FNDA:3,(anonymous_29)
FNDA:4,(anonymous_30)
DA:1,1
DA:5,31
DA:6,31
DA:10,5
DA:11,11
DA:12,5
DA:16,79
DA:17,2
DA:20,77
DA:24,2
DA:28,1
DA:32,1
DA:36,8
DA:37,5
DA:41,10
DA:42,4
DA:47,3
DA:51,2
DA:55,7
DA:59,1
DA:64,1
DA:69,2
DA:70,1
DA:74,17
DA:78,9
DA:79,9
DA:80,27
DA:83,9
DA:87,12
DA:88,4
DA:92,3
DA:93,1
DA:97,9
DA:98,3
DA:102,1
DA:103,1
DA:104,1
DA:109,18
DA:113,3
DA:116,4
DA:121,1
LF:41
LH:41
BRDA:16,0,0,2
BRDA:16,0,1,77
BRDA:41,1,0,4
BRDA:41,1,1,6
BRDA:80,2,0,13
BRDA:80,2,1,14
BRDA:88,3,0,0
BRDA:88,3,1,4
BRDA:103,4,0,1
BRDA:103,4,1,0
BRF:10
BRH:8
end_of_record
